<?xml version="1.0" encoding="UTF-8"?>
<!-- Generated by org.testng.reporters.JUnitXMLReporter -->
<testsuite ignored="1" hostname="DESKTOP-GGA7FEI" failures="1" tests="3" name="Test_Edge" time="0.041" errors="0" timestamp="2022-06-16T15:23:28 IST">
  <testcase classname="Test_Testing.Test_04" name="Test_B" time="0.002"/>
  <testcase classname="Test_Testing.Test_04" name="Test_B" time="0.003"/>
  <testcase classname="Test_Testing.Test_04" name="Test_C" time="0.005">
    <failure type="java.lang.AssertionError" message="expected [true] but found [false]">
      <![CDATA[java.lang.AssertionError: expected [true] but found [false]
at Test_Testing.Test_04.Test_C(Test_04.java:31)
at java.base/java.util.ArrayList.forEach(ArrayList.java:1511)
... Removed 29 stack frames]]>
    </failure>
  </testcase> <!-- Test_C -->
  <testcase classname="Test_Testing.Test_04" name="Test_A" time="0.0">
    <ignored/>
  </testcase> <!-- Test_A -->
</testsuite> <!-- Test_Edge -->
