<?xml version="1.0" encoding="UTF-8"?>
<!-- Generated by org.testng.reporters.JUnitXMLReporter -->
<testsuite ignored="2" hostname="DESKTOP-GGA7FEI" failures="0" tests="1" name="Test" time="0.178" errors="0" timestamp="2022-06-16T15:14:43 IST">
  <testcase classname="Test_Testing.Test_6" name="Test_B" time="0.056"/>
  <testcase classname="Test_Testing.Test_6" name="Test_C" time="0.0">
    <ignored/>
  </testcase> <!-- Test_C -->
  <testcase classname="Test_Testing.Test_6" name="Test_A" time="0.0">
    <ignored/>
  </testcase> <!-- Test_A -->
</testsuite> <!-- Test -->
