<?xml version="1.0" encoding="UTF-8"?>
<testng-results ignored="0" total="1" passed="1" failed="0" skipped="0">
  <reporter-output>
  </reporter-output>
  <suite started-at="2022-06-23T20:39:42 IST" name="Default suite" finished-at="2022-06-23T20:40:30 IST" duration-ms="48623">
    <groups>
    </groups>
    <test started-at="2022-06-23T20:39:42 IST" name="Default test" finished-at="2022-06-23T20:40:30 IST" duration-ms="48623">
      <class name="Test_Testing.Test_softassert">
        <test-method signature="TestB()[pri:0, instance:Test_Testing.Test_softassert@15c43bd9]" started-at="2022-06-23T20:39:42 IST" name="TestB" finished-at="2022-06-23T20:40:30 IST" duration-ms="48335" status="PASS">
          <reporter-output>
          </reporter-output>
        </test-method> <!-- TestB -->
      </class> <!-- Test_Testing.Test_softassert -->
    </test> <!-- Default test -->
  </suite> <!-- Default suite -->
</testng-results>
